2021-04-12 15:29:02,525 [INFO] Activator:170 - 


2021-04-12 15:29:02,527 [INFO] Activator:171 - !SESSION log4j initialized
2021-04-12 15:29:17,198 [ERROR] LogOutputStream:74 - [STDERR_REDIRECT] Managed Build system manifest file error: Could not load icon "icons/chip.png".
2021-04-12 15:29:17,200 [ERROR] LogOutputStream:74 - [STDERR_REDIRECT] Managed Build system manifest file error: Could not load icon "icons/chip.png".
2021-04-12 15:29:17,203 [ERROR] LogOutputStream:74 - [STDERR_REDIRECT] Managed Build system manifest file error: Could not load icon "icons/chip.png".
2021-04-12 15:29:19,957 [INFO] McuFinderGlobals:39 - Set McuFinder mode to 2 (CubeIDE integrated)
2021-04-12 15:29:21,341 [INFO] ApplicationProperties:181 - Using Application install path: C:\ST\STM32CubeIDE_1.5.1\STM32CubeIDE\plugins\com.st.stm32cube.common.mx_6.2.1.202103241236
2021-04-12 15:29:21,348 [INFO] DbMcusXml:74 - Set database path to: C:\ST\STM32CubeIDE_1.5.1\STM32CubeIDE\plugins\com.st.stm32cube.common.mx_6.2.1.202103241236\\db\/mcu/
2021-04-12 15:29:21,350 [INFO] DbBoardsPdsc:56 - Set plugin database path to: C:\ST\STM32CubeIDE_1.5.1\STM32CubeIDE\plugins\com.st.stm32cube.common.mx_6.2.1.202103241236\\db\/plugins/boardmanager/
2021-04-12 15:29:21,351 [INFO] DbMcus:258 - Set plugin images path to: C:\ST\STM32CubeIDE_1.5.1\STM32CubeIDE\plugins\com.st.stm32cube.common.mx_6.2.1.202103241236\\db\/plugins/mcufinder/images/
2021-04-12 15:29:21,351 [INFO] DbBoards:264 - Set plugin images path to: C:\ST\STM32CubeIDE_1.5.1\STM32CubeIDE\plugins\com.st.stm32cube.common.mx_6.2.1.202103241236\\db\/plugins/mcufinder/images/
2021-04-12 15:29:21,352 [INFO] DbExamples:333 - Set plugin images path to: C:\ST\STM32CubeIDE_1.5.1\STM32CubeIDE\plugins\com.st.stm32cube.common.mx_6.2.1.202103241236\\db\/plugins/mcufinder/images/
2021-04-12 15:29:21,355 [INFO] DbMcusAds:85 - Set database path to: C:\Users\Sasa\.stmcufinder\plugins\mcufinder//mcu/
2021-04-12 15:29:21,356 [INFO] DbMcusDocs:110 - Set database path to: C:\Users\Sasa\.stmcufinder\plugins\mcufinder//mcu/
2021-04-12 15:29:21,357 [INFO] DbMcusJson:65 - Set database path to: C:\Users\Sasa\.stmcufinder\plugins\mcufinder//mcu/
2021-04-12 15:29:21,358 [INFO] DbBoardsDocs:110 - Set database path to: C:\Users\Sasa\.stmcufinder\plugins\mcufinder//mcu/
2021-04-12 15:29:21,359 [INFO] DbBoardsJson:58 - Set database path to: C:\Users\Sasa\.stmcufinder\plugins\mcufinder//mcu/
2021-04-12 15:29:21,365 [INFO] CrossReferenceDbSqlite:196 - Set database path to: C:\Users\Sasa\.stmcufinder\plugins\mcufinder//mcu/cs/
2021-04-12 15:29:21,367 [INFO] DbExamplesSqlite:690 - Set database path to: C:\Users\Sasa\.stmcufinder\plugins\mcufinder//mcu/
2021-04-12 15:29:21,447 [INFO] RulesReader:52 - Compatibility file has been processed (237 Rules)
2021-04-12 15:29:21,509 [INFO] MicroXplorer:622 - Detected Java Version = 11.0.9.1
2021-04-12 15:29:21,510 [INFO] DbMcusXml:74 - Set database path to: C:\ST\STM32CubeIDE_1.5.1\STM32CubeIDE\plugins\com.st.stm32cube.common.mx_6.2.1.202103241236\\db\/mcu/
2021-04-12 15:29:21,510 [INFO] DbBoardsPdsc:56 - Set plugin database path to: C:\ST\STM32CubeIDE_1.5.1\STM32CubeIDE\plugins\com.st.stm32cube.common.mx_6.2.1.202103241236\\db\/plugins/boardmanager/
2021-04-12 15:29:21,510 [INFO] DbMcus:258 - Set plugin images path to: C:\ST\STM32CubeIDE_1.5.1\STM32CubeIDE\plugins\com.st.stm32cube.common.mx_6.2.1.202103241236\\db\/plugins/mcufinder/images/
2021-04-12 15:29:21,510 [INFO] DbBoards:264 - Set plugin images path to: C:\ST\STM32CubeIDE_1.5.1\STM32CubeIDE\plugins\com.st.stm32cube.common.mx_6.2.1.202103241236\\db\/plugins/mcufinder/images/
2021-04-12 15:29:21,510 [INFO] DbExamples:333 - Set plugin images path to: C:\ST\STM32CubeIDE_1.5.1\STM32CubeIDE\plugins\com.st.stm32cube.common.mx_6.2.1.202103241236\\db\/plugins/mcufinder/images/
2021-04-12 15:29:21,511 [WARN] DbFile:35 - Overriding database path with different value: C:\Users\Sasa\.stmcufinder\plugins\mcufinder/ => C:\Users\Sasa\.stmcufinder\plugins\mcufinder
2021-04-12 15:29:21,511 [INFO] DbMcusAds:85 - Set database path to: C:\Users\Sasa\.stmcufinder\plugins\mcufinder//mcu/
2021-04-12 15:29:21,511 [WARN] DbFile:35 - Overriding database path with different value: C:\Users\Sasa\.stmcufinder\plugins\mcufinder/ => C:\Users\Sasa\.stmcufinder\plugins\mcufinder
2021-04-12 15:29:21,511 [INFO] DbMcusDocs:110 - Set database path to: C:\Users\Sasa\.stmcufinder\plugins\mcufinder//mcu/
2021-04-12 15:29:21,511 [WARN] DbFile:35 - Overriding database path with different value: C:\Users\Sasa\.stmcufinder\plugins\mcufinder/ => C:\Users\Sasa\.stmcufinder\plugins\mcufinder
2021-04-12 15:29:21,511 [INFO] DbMcusJson:65 - Set database path to: C:\Users\Sasa\.stmcufinder\plugins\mcufinder//mcu/
2021-04-12 15:29:21,511 [WARN] DbFile:35 - Overriding database path with different value: C:\Users\Sasa\.stmcufinder\plugins\mcufinder/ => C:\Users\Sasa\.stmcufinder\plugins\mcufinder
2021-04-12 15:29:21,511 [INFO] DbBoardsDocs:110 - Set database path to: C:\Users\Sasa\.stmcufinder\plugins\mcufinder//mcu/
2021-04-12 15:29:21,511 [WARN] DbFile:35 - Overriding database path with different value: C:\Users\Sasa\.stmcufinder\plugins\mcufinder/ => C:\Users\Sasa\.stmcufinder\plugins\mcufinder
2021-04-12 15:29:21,512 [INFO] DbBoardsJson:58 - Set database path to: C:\Users\Sasa\.stmcufinder\plugins\mcufinder//mcu/
2021-04-12 15:29:21,512 [WARN] DbFile:35 - Overriding database path with different value: C:\Users\Sasa\.stmcufinder\plugins\mcufinder/ => C:\Users\Sasa\.stmcufinder\plugins\mcufinder
2021-04-12 15:29:21,512 [WARN] DbFile:35 - Overriding database path with different value: C:\Users\Sasa\.stmcufinder\plugins\mcufinder/ => C:\Users\Sasa\.stmcufinder\plugins\mcufinder
2021-04-12 15:29:21,512 [INFO] CrossReferenceDbSqlite:196 - Set database path to: C:\Users\Sasa\.stmcufinder\plugins\mcufinder//mcu/cs/
2021-04-12 15:29:21,512 [WARN] DbFile:35 - Overriding database path with different value: C:\Users\Sasa\.stmcufinder\plugins\mcufinder/ => C:\Users\Sasa\.stmcufinder\plugins\mcufinder
2021-04-12 15:29:21,512 [INFO] DbExamplesSqlite:690 - Set database path to: C:\Users\Sasa\.stmcufinder\plugins\mcufinder//mcu/
2021-04-12 15:29:21,561 [INFO] MainPanel:204 - HeapMemory: 316669952
2021-04-12 15:29:21,604 [INFO] DbMcusXml:74 - Set database path to: C:\ST\STM32CubeIDE_1.5.1\STM32CubeIDE\plugins\com.st.stm32cube.common.mx_6.2.1.202103241236\\db\/mcu/
2021-04-12 15:29:21,604 [INFO] DbBoardsPdsc:56 - Set plugin database path to: C:\ST\STM32CubeIDE_1.5.1\STM32CubeIDE\plugins\com.st.stm32cube.common.mx_6.2.1.202103241236\\db\/plugins/boardmanager/
2021-04-12 15:29:21,604 [INFO] DbMcus:258 - Set plugin images path to: C:\ST\STM32CubeIDE_1.5.1\STM32CubeIDE\plugins\com.st.stm32cube.common.mx_6.2.1.202103241236\\db\/plugins/mcufinder/images/
2021-04-12 15:29:21,604 [INFO] DbBoards:264 - Set plugin images path to: C:\ST\STM32CubeIDE_1.5.1\STM32CubeIDE\plugins\com.st.stm32cube.common.mx_6.2.1.202103241236\\db\/plugins/mcufinder/images/
2021-04-12 15:29:21,604 [INFO] DbExamples:333 - Set plugin images path to: C:\ST\STM32CubeIDE_1.5.1\STM32CubeIDE\plugins\com.st.stm32cube.common.mx_6.2.1.202103241236\\db\/plugins/mcufinder/images/
2021-04-12 15:29:21,605 [WARN] DbFile:35 - Overriding database path with different value: C:\Users\Sasa\.stmcufinder\plugins\mcufinder/ => C:\Users\Sasa\.stmcufinder\plugins\mcufinder
2021-04-12 15:29:21,605 [INFO] DbMcusAds:85 - Set database path to: C:\Users\Sasa\.stmcufinder\plugins\mcufinder//mcu/
2021-04-12 15:29:21,605 [WARN] DbFile:35 - Overriding database path with different value: C:\Users\Sasa\.stmcufinder\plugins\mcufinder/ => C:\Users\Sasa\.stmcufinder\plugins\mcufinder
2021-04-12 15:29:21,605 [INFO] DbMcusDocs:110 - Set database path to: C:\Users\Sasa\.stmcufinder\plugins\mcufinder//mcu/
2021-04-12 15:29:21,605 [WARN] DbFile:35 - Overriding database path with different value: C:\Users\Sasa\.stmcufinder\plugins\mcufinder/ => C:\Users\Sasa\.stmcufinder\plugins\mcufinder
2021-04-12 15:29:21,605 [INFO] DbMcusJson:65 - Set database path to: C:\Users\Sasa\.stmcufinder\plugins\mcufinder//mcu/
2021-04-12 15:29:21,605 [WARN] DbFile:35 - Overriding database path with different value: C:\Users\Sasa\.stmcufinder\plugins\mcufinder/ => C:\Users\Sasa\.stmcufinder\plugins\mcufinder
2021-04-12 15:29:21,605 [INFO] DbBoardsDocs:110 - Set database path to: C:\Users\Sasa\.stmcufinder\plugins\mcufinder//mcu/
2021-04-12 15:29:21,606 [WARN] DbFile:35 - Overriding database path with different value: C:\Users\Sasa\.stmcufinder\plugins\mcufinder/ => C:\Users\Sasa\.stmcufinder\plugins\mcufinder
2021-04-12 15:29:21,606 [INFO] DbBoardsJson:58 - Set database path to: C:\Users\Sasa\.stmcufinder\plugins\mcufinder//mcu/
2021-04-12 15:29:21,606 [WARN] DbFile:35 - Overriding database path with different value: C:\Users\Sasa\.stmcufinder\plugins\mcufinder/ => C:\Users\Sasa\.stmcufinder\plugins\mcufinder
2021-04-12 15:29:21,606 [WARN] DbFile:35 - Overriding database path with different value: C:\Users\Sasa\.stmcufinder\plugins\mcufinder/ => C:\Users\Sasa\.stmcufinder\plugins\mcufinder
2021-04-12 15:29:21,606 [INFO] CrossReferenceDbSqlite:196 - Set database path to: C:\Users\Sasa\.stmcufinder\plugins\mcufinder//mcu/cs/
2021-04-12 15:29:21,606 [WARN] DbFile:35 - Overriding database path with different value: C:\Users\Sasa\.stmcufinder\plugins\mcufinder/ => C:\Users\Sasa\.stmcufinder\plugins\mcufinder
2021-04-12 15:29:21,606 [INFO] DbExamplesSqlite:690 - Set database path to: C:\Users\Sasa\.stmcufinder\plugins\mcufinder//mcu/
2021-04-12 15:29:21,617 [INFO] ApplicationProperties:181 - Using Application install path: C:\ST\STM32CubeIDE_1.5.1\STM32CubeIDE\plugins\com.st.stm32cube.common.mx_6.2.1.202103241236
2021-04-12 15:29:21,618 [INFO] PluginManage:178 - Search for loadable plugins [exclusion list=, ]
2021-04-12 15:29:21,619 [INFO] PluginManage:292 - Check plugin analytics
2021-04-12 15:29:21,754 [INFO] AnalyticsPlugin:233 - Accepted Software Licenses: 
2021-04-12 15:29:21,755 [INFO] AnalyticsPlugin:235 - Accepted CMSIS Pack Licenses: 
2021-04-12 15:29:21,755 [INFO] AnalyticsPlugin:237 - Accepted Firmware Licenses: 
2021-04-12 15:29:21,755 [INFO] PluginManage:342 - Loaded plugin analytics (category:tool,tabindex:-1)
2021-04-12 15:29:21,755 [INFO] PluginManage:292 - Check plugin clock
2021-04-12 15:29:21,763 [INFO] PluginManage:342 - Loaded plugin clock (category:base,tabindex:2)
2021-04-12 15:29:21,764 [INFO] PluginManage:292 - Check plugin ddr
2021-04-12 15:29:21,765 [INFO] PluginManage:342 - Loaded plugin ddr (category:tool,tabindex:6)
2021-04-12 15:29:21,765 [INFO] PluginManage:292 - Check plugin filemanager
2021-04-12 15:29:21,846 [INFO] PluginManage:342 - Loaded plugin filemanager (category:base,tabindex:10)
2021-04-12 15:29:21,846 [INFO] PluginManage:292 - Check plugin ipmanager
2021-04-12 15:29:21,851 [INFO] PluginManage:342 - Loaded plugin ipmanager (category:base,tabindex:5)
2021-04-12 15:29:21,851 [INFO] PluginManage:292 - Check plugin pinoutandconfiguration
2021-04-12 15:29:21,857 [INFO] PluginManage:342 - Loaded plugin pinoutandconfiguration (category:base,tabindex:1)
2021-04-12 15:29:21,858 [INFO] PluginManage:292 - Check plugin pinoutconfig
2021-04-12 15:29:21,875 [INFO] PluginManage:342 - Loaded plugin pinoutconfig (category:base,tabindex:0)
2021-04-12 15:29:21,876 [INFO] PluginManage:292 - Check plugin power
2021-04-12 15:29:21,882 [INFO] PluginManage:342 - Loaded plugin power (category:power,tabindex:4)
2021-04-12 15:29:21,882 [INFO] PluginManage:292 - Check plugin projectmanager
2021-04-12 15:29:21,899 [INFO] PluginManage:342 - Loaded plugin projectmanager (category:projectmanager,tabindex:3)
2021-04-12 15:29:21,899 [INFO] PluginManage:292 - Check plugin thirdparty
2021-04-12 15:29:21,977 [INFO] PluginManage:342 - Loaded plugin thirdparty (category:base,tabindex:-1)
2021-04-12 15:29:21,977 [INFO] PluginManage:292 - Check plugin tools
2021-04-12 15:29:21,977 [WARN] IntegrityCheckThread:59 - waiting for thirdparty lock release [integrity check]
2021-04-12 15:29:21,978 [INFO] IntegrityCheckThread:61 - entering critical section [integrity check]
2021-04-12 15:29:21,978 [INFO] ThirdPartyUpdaterWithRetryManager:56 - Updater plugin not ready yet. [1/15]
2021-04-12 15:29:21,979 [INFO] PluginManage:342 - Loaded plugin tools (category:base,tabindex:7)
2021-04-12 15:29:21,979 [INFO] PluginManage:292 - Check plugin tutovideos
2021-04-12 15:29:22,115 [INFO] PluginManage:342 - Loaded plugin tutovideos (category:base,tabindex:-1)
2021-04-12 15:29:22,115 [INFO] PluginManage:292 - Check plugin updater
2021-04-12 15:29:22,123 [INFO] PluginManage:342 - Loaded plugin updater (category:base,tabindex:12)
2021-04-12 15:29:22,123 [INFO] PluginManage:265 - PluginManage : Loaded plugins [13]
2021-04-12 15:29:22,253 [INFO] PinOutPanel:1435 - setPackage(No Configuration,No Configuration)
2021-04-12 15:29:22,317 [INFO] IPUIPlugin:64 - create IPUIPlugin
2021-04-12 15:29:22,317 [INFO] PluginManager:203 - loadIPPluginJar : add adc
2021-04-12 15:29:22,318 [INFO] IPUIPlugin:64 - create IPUIPlugin
2021-04-12 15:29:22,319 [INFO] PluginManager:203 - loadIPPluginJar : add aes
2021-04-12 15:29:22,320 [INFO] IPUIPlugin:64 - create IPUIPlugin
2021-04-12 15:29:22,320 [INFO] PluginManager:203 - loadIPPluginJar : add can
2021-04-12 15:29:22,321 [INFO] IPUIPlugin:64 - create IPUIPlugin
2021-04-12 15:29:22,321 [INFO] PluginManager:203 - loadIPPluginJar : add comp
2021-04-12 15:29:22,323 [INFO] IPUIPlugin:64 - create IPUIPlugin
2021-04-12 15:29:22,323 [INFO] PluginManager:203 - loadIPPluginJar : add cryp
2021-04-12 15:29:22,324 [INFO] IPUIPlugin:64 - create IPUIPlugin
2021-04-12 15:29:22,324 [INFO] PluginManager:203 - loadIPPluginJar : add dfsdm
2021-04-12 15:29:22,328 [INFO] IPUIPlugin:64 - create IPUIPlugin
2021-04-12 15:29:22,328 [INFO] PluginManager:203 - loadIPPluginJar : add dma
2021-04-12 15:29:22,329 [INFO] IPUIPlugin:64 - create IPUIPlugin
2021-04-12 15:29:22,329 [INFO] PluginManager:203 - loadIPPluginJar : add fatfs
2021-04-12 15:29:22,332 [INFO] IPUIPlugin:64 - create IPUIPlugin
2021-04-12 15:29:22,332 [INFO] PluginManager:203 - loadIPPluginJar : add fmc
2021-04-12 15:29:22,335 [INFO] IPUIPlugin:64 - create IPUIPlugin
2021-04-12 15:29:22,335 [INFO] PluginManager:203 - loadIPPluginJar : add freertos
2021-04-12 15:29:22,336 [INFO] IPUIPlugin:64 - create IPUIPlugin
2021-04-12 15:29:22,336 [INFO] PluginManager:203 - loadIPPluginJar : add genericplugin
2021-04-12 15:29:22,338 [INFO] IPUIPlugin:64 - create IPUIPlugin
2021-04-12 15:29:22,338 [INFO] PluginManager:203 - loadIPPluginJar : add gfxmmu
2021-04-12 15:29:22,341 [INFO] IPUIPlugin:64 - create IPUIPlugin
2021-04-12 15:29:22,341 [INFO] PluginManager:203 - loadIPPluginJar : add gic
2021-04-12 15:29:22,343 [INFO] IPUIPlugin:64 - create IPUIPlugin
2021-04-12 15:29:22,344 [INFO] PluginManager:203 - loadIPPluginJar : add gpio
2021-04-12 15:29:22,345 [INFO] IPUIPlugin:64 - create IPUIPlugin
2021-04-12 15:29:22,345 [INFO] PluginManager:203 - loadIPPluginJar : add gtzc
2021-04-12 15:29:22,346 [INFO] IPUIPlugin:64 - create IPUIPlugin
2021-04-12 15:29:22,347 [INFO] PluginManager:203 - loadIPPluginJar : add hash
2021-04-12 15:29:22,348 [INFO] IPUIPlugin:64 - create IPUIPlugin
2021-04-12 15:29:22,348 [INFO] PluginManager:203 - loadIPPluginJar : add i2c
2021-04-12 15:29:22,350 [INFO] IPUIPlugin:64 - create IPUIPlugin
2021-04-12 15:29:22,350 [INFO] PluginManager:203 - loadIPPluginJar : add i2s
2021-04-12 15:29:22,352 [INFO] IPUIPlugin:64 - create IPUIPlugin
2021-04-12 15:29:22,352 [INFO] PluginManager:203 - loadIPPluginJar : add ipddr
2021-04-12 15:29:22,353 [INFO] IPUIPlugin:64 - create IPUIPlugin
2021-04-12 15:29:22,353 [INFO] PluginManager:203 - loadIPPluginJar : add lorawan
2021-04-12 15:29:22,354 [INFO] IPUIPlugin:64 - create IPUIPlugin
2021-04-12 15:29:22,354 [INFO] PluginManager:203 - loadIPPluginJar : add ltdc
2021-04-12 15:29:22,356 [INFO] IPUIPlugin:64 - create IPUIPlugin
2021-04-12 15:29:22,357 [INFO] PluginManager:203 - loadIPPluginJar : add mdma
2021-04-12 15:29:22,359 [INFO] IPUIPlugin:64 - create IPUIPlugin
2021-04-12 15:29:22,359 [INFO] PluginManager:203 - loadIPPluginJar : add nvic
2021-04-12 15:29:22,360 [INFO] IPUIPlugin:64 - create IPUIPlugin
2021-04-12 15:29:22,361 [INFO] PluginManager:203 - loadIPPluginJar : add opamp
2021-04-12 15:29:22,362 [INFO] IPUIPlugin:64 - create IPUIPlugin
2021-04-12 15:29:22,362 [INFO] PluginManager:203 - loadIPPluginJar : add openamp
2021-04-12 15:29:22,364 [INFO] IPUIPlugin:64 - create IPUIPlugin
2021-04-12 15:29:22,364 [INFO] PluginManager:203 - loadIPPluginJar : add pdm2pcm
2021-04-12 15:29:22,368 [INFO] IPUIPlugin:64 - create IPUIPlugin
2021-04-12 15:29:22,370 [INFO] PluginManager:203 - loadIPPluginJar : add plateformsettings
2021-04-12 15:29:22,371 [INFO] IPUIPlugin:64 - create IPUIPlugin
2021-04-12 15:29:22,371 [INFO] PluginManager:203 - loadIPPluginJar : add quadspi
2021-04-12 15:29:22,373 [INFO] IPUIPlugin:64 - create IPUIPlugin
2021-04-12 15:29:22,373 [INFO] PluginManager:203 - loadIPPluginJar : add resmgrutility
2021-04-12 15:29:22,375 [INFO] IPUIPlugin:64 - create IPUIPlugin
2021-04-12 15:29:22,375 [INFO] PluginManager:203 - loadIPPluginJar : add sai
2021-04-12 15:29:22,376 [INFO] IPUIPlugin:64 - create IPUIPlugin
2021-04-12 15:29:22,376 [INFO] PluginManager:203 - loadIPPluginJar : add spi
2021-04-12 15:29:22,379 [INFO] IPUIPlugin:64 - create IPUIPlugin
2021-04-12 15:29:22,379 [INFO] PluginManager:203 - loadIPPluginJar : add stm32_wpan
2021-04-12 15:29:22,380 [INFO] IPUIPlugin:64 - create IPUIPlugin
2021-04-12 15:29:22,380 [INFO] PluginManager:203 - loadIPPluginJar : add tim
2021-04-12 15:29:22,382 [INFO] IPUIPlugin:64 - create IPUIPlugin
2021-04-12 15:29:22,382 [INFO] PluginManager:203 - loadIPPluginJar : add touchsensing
2021-04-12 15:29:22,383 [INFO] IPUIPlugin:64 - create IPUIPlugin
2021-04-12 15:29:22,383 [INFO] PluginManager:203 - loadIPPluginJar : add tracer_emb
2021-04-12 15:29:22,384 [INFO] IPUIPlugin:64 - create IPUIPlugin
2021-04-12 15:29:22,385 [INFO] PluginManager:203 - loadIPPluginJar : add ts
2021-04-12 15:29:22,385 [INFO] IPUIPlugin:64 - create IPUIPlugin
2021-04-12 15:29:22,386 [INFO] PluginManager:203 - loadIPPluginJar : add tsc
2021-04-12 15:29:22,387 [INFO] IPUIPlugin:64 - create IPUIPlugin
2021-04-12 15:29:22,387 [INFO] PluginManager:203 - loadIPPluginJar : add ucpd
2021-04-12 15:29:22,388 [INFO] IPUIPlugin:64 - create IPUIPlugin
2021-04-12 15:29:22,388 [INFO] PluginManager:203 - loadIPPluginJar : add usart
2021-04-12 15:29:22,621 [FATAL] Updater:284 - Updater called before beeing initialized
2021-04-12 15:29:22,712 [FATAL] Updater:284 - Updater called before beeing initialized
2021-04-12 15:29:22,716 [INFO] DbMcusAds:132 - JSON generation date=Mon Mar 01 11:27:39 CET 2021 (1614594459686)
2021-04-12 15:29:22,716 [FATAL] Updater:284 - Updater called before beeing initialized
2021-04-12 15:29:22,740 [WARN] DetailPanel:315 - Failed to get advertising image, set to default
2021-04-12 15:29:22,932 [FATAL] Updater:284 - Updater called before beeing initialized
2021-04-12 15:29:22,934 [FATAL] Updater:284 - Updater called before beeing initialized
2021-04-12 15:29:22,934 [FATAL] Updater:284 - Updater called before beeing initialized
2021-04-12 15:29:22,934 [WARN] DetailPanel:315 - Failed to get advertising image, set to default
2021-04-12 15:29:22,935 [FATAL] Updater:284 - Updater called before beeing initialized
2021-04-12 15:29:22,972 [FATAL] Updater:284 - Updater called before beeing initialized
2021-04-12 15:29:22,972 [WARN] ThirdParty:796 - waiting for thirdparty lock release [close project]
2021-04-12 15:29:24,980 [INFO] ThirdPartyUpdaterWithRetryManager:56 - Updater plugin not ready yet. [2/15]
2021-04-12 15:29:27,986 [FATAL] Updater:284 - Updater called before beeing initialized
2021-04-12 15:29:27,986 [ERROR] AbstractThirdPartyUpdaterManager:153 - class java.lang.Integer cannot be cast to class java.util.List (java.lang.Integer and java.util.List are in module java.base of loader 'bootstrap')
2021-04-12 15:29:27,986 [INFO] ThirdParty:900 - Integrity check success = false
2021-04-12 15:29:27,986 [INFO] IntegrityCheckThread:75 - exiting critical section [integrity check]
2021-04-12 15:29:27,986 [INFO] IntegrityCheckThread:78 - End integrity checks thread
2021-04-12 15:29:27,986 [INFO] ThirdParty:798 - entering critical section [close project]
2021-04-12 15:29:27,988 [INFO] ThirdParty:809 - exiting critical section [close project]
2021-04-12 15:29:27,990 [INFO] PinOutPanel:1435 - setPackage(No Configuration,No Configuration)
2021-04-12 15:29:27,991 [FATAL] Updater:284 - Updater called before beeing initialized
2021-04-12 15:29:27,995 [ERROR] Updater:1065 - MainUpdater not yet initialized. External WinMGr cannot be set.
2021-04-12 15:29:27,997 [INFO] Updater:1002 - Updater Version found : 6.2.1
2021-04-12 15:29:28,010 [INFO] ApplicationProperties:181 - Using Application install path: C:\ST\STM32CubeIDE_1.5.1\STM32CubeIDE\plugins\com.st.stm32cube.common.mx_6.2.1.202103241236
2021-04-12 15:29:28,094 [INFO] MainUpdater:2661 - connection check result : 10
2021-04-12 15:29:28,095 [INFO] MainUpdater:255 - Updater Check For Update Now.
2021-04-12 15:29:28,095 [INFO] MicroXplorer:472 - Change Database Version : DB.6.0.21
2021-04-12 15:29:28,121 [INFO] CheckServerUpdateThread:102 - End of CheckServer Thread
2021-04-12 15:29:28,207 [INFO] MainUpdater:2661 - connection check result : 10
2021-04-12 15:29:28,208 [INFO] MainUpdater:2661 - connection check result : 10
2021-04-12 15:29:28,272 [INFO] MicroXplorer:442 - Change Database Path : 
2021-04-12 15:29:28,272 [INFO] MicroXplorer:472 - Change Database Version : DB.6.0.21
2021-04-12 15:29:28,272 [WARN] ThirdParty:796 - waiting for thirdparty lock release [close project]
2021-04-12 15:29:28,272 [INFO] ThirdParty:798 - entering critical section [close project]
2021-04-12 15:29:28,272 [INFO] ThirdParty:809 - exiting critical section [close project]
2021-04-12 15:29:28,274 [INFO] PinOutPanel:1435 - setPackage(No Configuration,No Configuration)
2021-04-12 15:29:28,275 [INFO] UtilMem:74 - Begin LoadConfig() Used Memory: 239316952 Bytes (321912832)
2021-04-12 15:29:28,276 [INFO] MicroXplorer:442 - Change Database Path : 
2021-04-12 15:29:28,276 [INFO] MicroXplorer:472 - Change Database Version : DB.6.0.21
2021-04-12 15:29:28,276 [INFO] OpenFileManager:303 - Change cursor
2021-04-12 15:29:28,284 [WARN] IntegrityCheckThread:59 - waiting for thirdparty lock release [integrity check]
2021-04-12 15:29:28,284 [INFO] IntegrityCheckThread:61 - entering critical section [integrity check]
2021-04-12 15:29:28,343 [WARN] PackLoader:226 - Cannot read IP mode file for RoweBots.I-CUBE-UNISONRTOS.5.5.0-4
2021-04-12 15:29:28,355 [WARN] PackLoader:226 - Cannot read IP mode file for STMicroelectronics.X-CUBE-SFXS2LP1.3.0.0
2021-04-12 15:29:28,362 [WARN] ConditionMgr:437 - getConditionDescription Invalid condition id : SIGFOX STM32 LIB Condition cause : null
2021-04-12 15:29:28,363 [WARN] ConditionMgr:437 - getConditionDescription Invalid condition id : Sigfox Third Party LIB Condition cause : null
2021-04-12 15:29:28,364 [WARN] PackLoader:226 - Cannot read IP mode file for STMicroelectronics.X-CUBE-SFXS2LP1.2.0.0
2021-04-12 15:29:28,364 [WARN] ConditionMgr:1040 - genDependencies : Invalid condition id : SIGFOX STM32 LIB Condition cause : null
2021-04-12 15:29:28,364 [WARN] ConditionMgr:1040 - genDependencies : Invalid condition id : Sigfox Third Party LIB Condition cause : null
2021-04-12 15:29:28,365 [WARN] ConditionMgr:1040 - genDependencies : Invalid condition id : Sigfox Third Party LIB Condition cause : null
2021-04-12 15:29:28,365 [WARN] ConditionMgr:1040 - genDependencies : Invalid condition id : SIGFOX STM32 LIB Condition cause : null
2021-04-12 15:29:28,365 [WARN] ConditionMgr:1040 - genDependencies : Invalid condition id : SIGFOX STM32 LIB Condition cause : null
2021-04-12 15:29:28,365 [WARN] ConditionMgr:1040 - genDependencies : Invalid condition id : Sigfox Third Party LIB Condition cause : null
2021-04-12 15:29:28,410 [WARN] PackLoader:226 - Cannot read IP mode file for STMicroelectronics.X-CUBE-MEMS1.8.2.0
2021-04-12 15:29:28,535 [WARN] PackLoader:226 - Cannot read IP mode file for STMicroelectronics.X-CUBE-EEPRMA1.3.0.0
2021-04-12 15:29:28,539 [WARN] PackLoader:226 - Cannot read IP mode file for STMicroelectronics.X-CUBE-ALGOBUILD.1.1.0
2021-04-12 15:29:28,543 [WARN] PackLoader:226 - Cannot read IP mode file for STMicroelectronics.X-CUBE-GNSS1.5.1.0
2021-04-12 15:29:28,546 [WARN] PackLoader:226 - Cannot read IP mode file for STMicroelectronics.X-CUBE-NFC4.2.0.2
2021-04-12 15:29:28,550 [WARN] PackLoader:226 - Cannot read IP mode file for STMicroelectronics.X-CUBE-NFC4.2.0.1
2021-04-12 15:29:28,554 [WARN] PackLoader:226 - Cannot read IP mode file for STMicroelectronics.X-CUBE-BLE2.3.2.0
2021-04-12 15:29:28,561 [WARN] PackLoader:226 - Cannot read IP mode file for STMicroelectronics.X-CUBE-SUBG2.3.0.1
2021-04-12 15:29:28,572 [WARN] PackLoader:226 - Cannot read IP mode file for STMicroelectronics.X-CUBE-SUBG2.4.0.0
2021-04-12 15:29:28,579 [WARN] PackLoader:226 - Cannot read IP mode file for STMicroelectronics.X-CUBE-TOF1.1.0.0
2021-04-12 15:29:28,597 [WARN] PackLoader:226 - Cannot read IP mode file for STMicroelectronics.X-CUBE-AZRTOS-H7.1.0.0
2021-04-12 15:29:28,633 [WARN] PackLoader:226 - Cannot read IP mode file for STMicroelectronics.X-CUBE-MEMS1.8.3.0
2021-04-12 15:29:28,752 [WARN] PackLoader:226 - Cannot read IP mode file for STMicroelectronics.X-CUBE-DISPLAY.1.0.0
2021-04-12 15:29:28,753 [WARN] PackLoader:226 - Cannot read IP mode file for STMicroelectronics.X-CUBE-AI.6.0.0
2021-04-12 15:29:28,757 [WARN] PackLoader:226 - Cannot read IP mode file for STMicroelectronics.X-CUBE-ALGOBUILD.1.2.0
2021-04-12 15:29:28,760 [WARN] PackLoader:226 - Cannot read IP mode file for STMicroelectronics.X-CUBE-GNSS1.5.2.0
2021-04-12 15:29:28,763 [WARN] PackLoader:226 - Cannot read IP mode file for STMicroelectronics.X-CUBE-BLE1.6.1.0
2021-04-12 15:29:28,764 [WARN] PackLoader:226 - Cannot read IP mode file for wolfSSL.I-CUBE-wolfSSL.4.7.0
2021-04-12 15:29:28,765 [WARN] PackLoader:226 - Cannot read IP mode file for STMicroelectronics.X-CUBE-TOUCHGFX.4.16.1
2021-04-12 15:29:28,767 [WARN] PackLoader:226 - Cannot read IP mode file for STMicroelectronics.X-CUBE-AI.5.2.0
2021-04-12 15:29:28,768 [WARN] PackLoader:226 - Cannot read IP mode file for STMicroelectronics.X-CUBE-TOUCHGFX.4.16.0
2021-04-12 15:29:28,770 [WARN] PackLoader:226 - Cannot read IP mode file for STMicroelectronics.X-CUBE-BLE2.3.1.0
2021-04-12 15:29:28,770 [INFO] ThirdParty:900 - Integrity check success = true
2021-04-12 15:29:28,771 [INFO] IntegrityCheckThread:75 - exiting critical section [integrity check]
2021-04-12 15:29:28,771 [INFO] IntegrityCheckThread:78 - End integrity checks thread
2021-04-12 15:29:30,870 [INFO] Context:587 - Trying to add GPIOservice into a context  which must be forbidden
2021-04-12 15:29:31,688 [WARN] ApiManager:294 - Cannot register API 'Board Extension:S2868A1' from pack STMicroelectronics.X-CUBE-SFXS2LP1.3.0.0: no header file found
2021-04-12 15:29:31,688 [WARN] ApiManager:294 - Cannot register API 'Board Extension:S2868A2' from pack STMicroelectronics.X-CUBE-SFXS2LP1.3.0.0: no header file found
2021-04-12 15:29:31,688 [WARN] ApiManager:294 - Cannot register API 'Board Extension:S2915A1' from pack STMicroelectronics.X-CUBE-SFXS2LP1.3.0.0: no header file found
2021-04-12 15:29:31,694 [WARN] ApiManager:294 - Cannot register API 'Board Extension:S2868A1' from pack STMicroelectronics.X-CUBE-SUBG2.3.0.1: no header file found
2021-04-12 15:29:31,694 [WARN] ApiManager:294 - Cannot register API 'Board Extension:S2868A2' from pack STMicroelectronics.X-CUBE-SUBG2.3.0.1: no header file found
2021-04-12 15:29:31,694 [WARN] ApiManager:294 - Cannot register API 'Board Extension:S2915A1' from pack STMicroelectronics.X-CUBE-SUBG2.3.0.1: no header file found
2021-04-12 15:29:31,699 [WARN] ModelIntegratedComponent:51 - No mode defined for component null
2021-04-12 15:29:31,699 [WARN] ModelIntegratedComponent:51 - No mode defined for component null
2021-04-12 15:29:31,699 [WARN] ModelIntegratedComponent:51 - No mode defined for component null
2021-04-12 15:29:31,699 [WARN] ModelIntegratedComponent:51 - No mode defined for component null
2021-04-12 15:29:31,699 [WARN] ModelIntegratedComponent:51 - No mode defined for component null
2021-04-12 15:29:31,699 [WARN] ModelIntegratedComponent:51 - No mode defined for component null
2021-04-12 15:29:31,699 [WARN] ModelIntegratedComponent:51 - No mode defined for component null
2021-04-12 15:29:31,699 [WARN] ModelIntegratedComponent:51 - No mode defined for component null
2021-04-12 15:29:31,699 [WARN] ModelIntegratedComponent:51 - No mode defined for component null
2021-04-12 15:29:31,699 [WARN] ModelIntegratedComponent:51 - No mode defined for component null
2021-04-12 15:29:31,700 [WARN] ModelIntegratedComponent:51 - No mode defined for component null
2021-04-12 15:29:31,700 [WARN] ModelIntegratedComponent:51 - No mode defined for component null
2021-04-12 15:29:31,700 [WARN] ModelIntegratedComponent:51 - No mode defined for component null
2021-04-12 15:29:31,700 [WARN] ModelIntegratedComponent:51 - No mode defined for component null
2021-04-12 15:29:31,700 [WARN] ModelIntegratedComponent:51 - No mode defined for component null
2021-04-12 15:29:31,700 [WARN] ModelIntegratedComponent:51 - No mode defined for component null
2021-04-12 15:29:31,700 [WARN] ModelIntegratedComponent:51 - No mode defined for component null
2021-04-12 15:29:31,700 [WARN] ModelIntegratedComponent:51 - No mode defined for component null
2021-04-12 15:29:31,700 [WARN] ModelIntegratedComponent:51 - No mode defined for component null
2021-04-12 15:29:31,700 [WARN] ModelIntegratedComponent:51 - No mode defined for component null
2021-04-12 15:29:31,700 [WARN] ModelIntegratedComponent:51 - No mode defined for component null
2021-04-12 15:29:31,700 [WARN] ModelIntegratedComponent:51 - No mode defined for component null
2021-04-12 15:29:31,700 [WARN] ModelIntegratedComponent:51 - No mode defined for component null
2021-04-12 15:29:31,700 [WARN] ModelIntegratedComponent:51 - No mode defined for component null
2021-04-12 15:29:31,700 [WARN] ModelIntegratedComponent:51 - No mode defined for component null
2021-04-12 15:29:31,701 [WARN] ModelIntegratedComponent:51 - No mode defined for component null
2021-04-12 15:29:31,701 [WARN] ModelIntegratedComponent:51 - No mode defined for component null
2021-04-12 15:29:31,704 [WARN] ApiManager:294 - Cannot register API 'Board Extension:S2868A1' from pack STMicroelectronics.X-CUBE-SFXS2LP1.2.0.0: no header file found
2021-04-12 15:29:31,704 [WARN] ApiManager:294 - Cannot register API 'Board Extension:S2868A2' from pack STMicroelectronics.X-CUBE-SFXS2LP1.2.0.0: no header file found
2021-04-12 15:29:31,704 [WARN] ApiManager:294 - Cannot register API 'Board Extension:S2915A1' from pack STMicroelectronics.X-CUBE-SFXS2LP1.2.0.0: no header file found
2021-04-12 15:29:31,708 [WARN] ApiManager:294 - Cannot register API 'Board Extension:S2868A1' from pack STMicroelectronics.X-CUBE-SUBG2.4.0.0: no header file found
2021-04-12 15:29:31,708 [WARN] ApiManager:294 - Cannot register API 'Board Extension:S2868A2' from pack STMicroelectronics.X-CUBE-SUBG2.4.0.0: no header file found
2021-04-12 15:29:31,708 [WARN] ApiManager:294 - Cannot register API 'Board Extension:S2915A1' from pack STMicroelectronics.X-CUBE-SUBG2.4.0.0: no header file found
2021-04-12 15:29:31,845 [WARN] ApiManager:294 - Cannot register API 'Board Extension:IKS01A3' from pack STMicroelectronics.X-CUBE-MEMS1.8.2.0: no header file found
2021-04-12 15:29:31,846 [WARN] ApiManager:294 - Cannot register API 'Board Extension:IKS01A2' from pack STMicroelectronics.X-CUBE-MEMS1.8.2.0: no header file found
2021-04-12 15:29:31,846 [WARN] ApiManager:294 - Cannot register API 'Board Extension:IKS02A1' from pack STMicroelectronics.X-CUBE-MEMS1.8.2.0: no header file found
2021-04-12 15:29:31,851 [WARN] ApiManager:294 - Cannot register API 'Board Extension:EEPRMA1' from pack STMicroelectronics.X-CUBE-EEPRMA1.3.0.0: no header file found
2021-04-12 15:29:31,851 [WARN] ApiManager:294 - Cannot register API 'Board Extension:EEPRMA2' from pack STMicroelectronics.X-CUBE-EEPRMA1.3.0.0: no header file found
2021-04-12 15:29:31,977 [WARN] ApiManager:294 - Cannot register API 'Board Extension:IKS01A3' from pack STMicroelectronics.X-CUBE-MEMS1.8.3.0: no header file found
2021-04-12 15:29:31,977 [WARN] ApiManager:294 - Cannot register API 'Board Extension:IKS01A2' from pack STMicroelectronics.X-CUBE-MEMS1.8.3.0: no header file found
2021-04-12 15:29:31,977 [WARN] ApiManager:294 - Cannot register API 'Board Extension:IKS02A1' from pack STMicroelectronics.X-CUBE-MEMS1.8.3.0: no header file found
2021-04-12 15:29:31,983 [INFO] RtosManager:470 - Registered RTOS mode: class=CMSIS, group=RTOS, mode=CMSIS_V1, owner=FREERTOS
2021-04-12 15:29:31,983 [INFO] RtosManager:470 - Registered RTOS mode: class=CMSIS, group=RTOS2, mode=CMSIS_V2, owner=FREERTOS
2021-04-12 15:29:31,983 [INFO] RtosManager:470 - Registered RTOS mode: class=RTOS, group=Core, mode=CMSIS_V1, owner=FREERTOS
2021-04-12 15:29:31,983 [INFO] RtosManager:470 - Registered RTOS mode: class=RTOS, group=Core, mode=CMSIS_V2, owner=FREERTOS
2021-04-12 15:29:31,983 [WARN] ModelIntegratedComponent:182 - Missing modes for component STMicroelectronics:FreeRTOS:0.0.1:STMicroelectronics:RTOS:FreeRTOS:Core:::10.2.0:
2021-04-12 15:29:31,985 [WARN] ApiManager:294 - Cannot register API 'Board Extension:GNSS1A1' from pack STMicroelectronics.X-CUBE-GNSS1.5.1.0: no header file found
2021-04-12 15:29:31,985 [WARN] ApiManager:294 - Cannot register API 'Board Support:Custom' from pack STMicroelectronics.X-CUBE-GNSS1.5.1.0: no header file found
2021-04-12 15:29:31,985 [WARN] ApiManager:294 - Cannot register API 'Data Exchange:lib_gnss' from pack STMicroelectronics.X-CUBE-GNSS1.5.1.0: no header file found
2021-04-12 15:29:31,985 [WARN] ApiManager:294 - Cannot register API 'Board Extension:GNSS1A1' from pack STMicroelectronics.X-CUBE-GNSS1.5.2.0: no header file found
2021-04-12 15:29:31,986 [WARN] ApiManager:294 - Cannot register API 'Board Support:Custom' from pack STMicroelectronics.X-CUBE-GNSS1.5.2.0: no header file found
2021-04-12 15:29:31,986 [WARN] ApiManager:294 - Cannot register API 'Data Exchange:lib_gnss' from pack STMicroelectronics.X-CUBE-GNSS1.5.2.0: no header file found
2021-04-12 15:29:31,986 [WARN] ApiManager:294 - Cannot register API 'Wireless:BlueNRG-MS' from pack STMicroelectronics.X-CUBE-BLE1.6.1.0: no header file found
2021-04-12 15:29:31,987 [WARN] ApiManager:294 - Cannot register API 'Board Extension:NFC04A1' from pack STMicroelectronics.X-CUBE-NFC4.2.0.2: no header file found
2021-04-12 15:29:31,987 [WARN] ApiManager:294 - Cannot register API 'Board Extension:NFC04A1' from pack STMicroelectronics.X-CUBE-NFC4.2.0.1: no header file found
2021-04-12 15:29:31,988 [WARN] ApiManager:294 - Cannot register API 'Wireless:BlueNRG-2' from pack STMicroelectronics.X-CUBE-BLE2.3.1.0: no header file found
2021-04-12 15:29:31,989 [WARN] ApiManager:294 - Cannot register API 'Wireless:BlueNRG-2' from pack STMicroelectronics.X-CUBE-BLE2.3.2.0: no header file found
2021-04-12 15:29:33,039 [INFO] RtosManager:784 - Current active RTOS is FREERTOS [Cortex-M7NS]
2021-04-12 15:29:33,044 [INFO] ImportTextPane:162 - (OptionalMessage_ERROR) IP (DMA) : Parameter (Instance) has Id (SAI2_A) currently not set
2021-04-12 15:29:33,045 [INFO] ImportTextPane:162 - (OptionalMessage_ERROR) IP (DMA) : Parameter (Channel) has Id (SAI2_A) currently not set
2021-04-12 15:29:33,045 [INFO] ImportTextPane:162 - (OptionalMessage_ERROR) IP (DMA) : Parameter (Direction) has Id (SAI2_A) currently not set
2021-04-12 15:29:33,045 [INFO] ImportTextPane:162 - (OptionalMessage_ERROR) IP (DMA) : Parameter (PeriphInc) has Id (SAI2_A) currently not set
2021-04-12 15:29:33,045 [INFO] ImportTextPane:162 - (OptionalMessage_ERROR) IP (DMA) : Parameter (MemInc) has Id (SAI2_A) currently not set
2021-04-12 15:29:33,045 [INFO] ImportTextPane:162 - (OptionalMessage_ERROR) IP (DMA) : Parameter (PeriphDataAlignment) has Id (SAI2_A) currently not set
2021-04-12 15:29:33,046 [INFO] ImportTextPane:162 - (OptionalMessage_ERROR) IP (DMA) : Parameter (MemDataAlignment) has Id (SAI2_A) currently not set
2021-04-12 15:29:33,046 [INFO] ImportTextPane:162 - (OptionalMessage_ERROR) IP (DMA) : Parameter (Mode) has Id (SAI2_A) currently not set
2021-04-12 15:29:33,046 [INFO] ImportTextPane:162 - (OptionalMessage_ERROR) IP (DMA) : Parameter (Priority) has Id (SAI2_A) currently not set
2021-04-12 15:29:33,046 [INFO] ImportTextPane:162 - (OptionalMessage_ERROR) IP (DMA) : Parameter (FIFOMode) has Id (SAI2_A) currently not set
2021-04-12 15:29:33,046 [INFO] ImportTextPane:162 - (OptionalMessage_ERROR) IP (DMA) : Parameter (Instance) has Id (SAI2_B) currently not set
2021-04-12 15:29:33,046 [INFO] ImportTextPane:162 - (OptionalMessage_ERROR) IP (DMA) : Parameter (Channel) has Id (SAI2_B) currently not set
2021-04-12 15:29:33,046 [INFO] ImportTextPane:162 - (OptionalMessage_ERROR) IP (DMA) : Parameter (Direction) has Id (SAI2_B) currently not set
2021-04-12 15:29:33,047 [INFO] ImportTextPane:162 - (OptionalMessage_ERROR) IP (DMA) : Parameter (PeriphInc) has Id (SAI2_B) currently not set
2021-04-12 15:29:33,047 [INFO] ImportTextPane:162 - (OptionalMessage_ERROR) IP (DMA) : Parameter (MemInc) has Id (SAI2_B) currently not set
2021-04-12 15:29:33,047 [INFO] ImportTextPane:162 - (OptionalMessage_ERROR) IP (DMA) : Parameter (PeriphDataAlignment) has Id (SAI2_B) currently not set
2021-04-12 15:29:33,047 [INFO] ImportTextPane:162 - (OptionalMessage_ERROR) IP (DMA) : Parameter (MemDataAlignment) has Id (SAI2_B) currently not set
2021-04-12 15:29:33,047 [INFO] ImportTextPane:162 - (OptionalMessage_ERROR) IP (DMA) : Parameter (Mode) has Id (SAI2_B) currently not set
2021-04-12 15:29:33,047 [INFO] ImportTextPane:162 - (OptionalMessage_ERROR) IP (DMA) : Parameter (Priority) has Id (SAI2_B) currently not set
2021-04-12 15:29:33,047 [INFO] ImportTextPane:162 - (OptionalMessage_ERROR) IP (DMA) : Parameter (FIFOMode) has Id (SAI2_B) currently not set
2021-04-12 15:29:33,055 [WARN] IP:2088 - LayerIdx_L1 not found: check if there is a RefParameter without a condition.
2021-04-12 15:29:33,055 [INFO] ImportTextPane:162 - (OptionalMessage_ERROR) IP (RCC) : Invalid parameter (FamilyName)
2021-04-12 15:29:33,436 [INFO] UtilMem:74 - End LoadConfig() Used Memory: 369173864 Bytes (466616320)
2021-04-12 15:29:33,437 [INFO] DbMcusXml:100 - Load MCU database from C:\ST\STM32CubeIDE_1.5.1\STM32CubeIDE\plugins\com.st.stm32cube.common.mx_6.2.1.202103241236\\db\/mcu/families.xml
2021-04-12 15:29:33,990 [INFO] DbMcusJson:94 - JSON generation date=Mon Feb 08 14:35:07 CET 2021 (1612791307)
